2019-02-13 15:34:48,451 INFO: Test start: 2019-02-13 15:34:48.452000 [in C:/Chayan/Automate_Valyria/AutomateValyria.py:299]
2019-02-13 15:34:48,457 INFO: Valyria already running [in C:/Chayan/Automate_Valyria/AutomateValyria.py:244]
2019-02-13 15:34:48,457 DEBUG: Terminate valyria application from system command [in C:/Chayan/Automate_Valyria/AutomateValyria.py:245]
2019-02-13 15:34:57,798 INFO: lfsvc is running [in C:/Chayan/Automate_Valyria/AutomateValyria.py:70]
2019-02-13 15:34:57,875 ERROR: Database connection to Vertex : <pyodbc.Connection object at 0x00000000076D0118> [in C:/Chayan/Automate_Valyria/AutomateValyria.py:141]
2019-02-13 15:34:57,877 INFO: Connected to database [in C:/Chayan/Automate_Valyria/AutomateValyria.py:308]
2019-02-13 15:34:57,877 DEBUG: SQL query:  SELECT * FROM Vertex.dbo.ControllerMeter where MeterName='LogicCageOpen' [in C:/Chayan/Automate_Valyria/AutomateValyria.py:157]
2019-02-13 15:34:57,880 DEBUG: Result from query:  [(2, True, 1, u'LogicCageOpen', 331L, u'Count', datetime.datetime(2019, 1, 19, 6, 23, 40), datetime.datetime(2019, 1, 19, 7, 5, 35, 687000), 0, bytearray(b'\x00\x00\x00\x00\x00\x00\x08\xa2'))] [in C:/Chayan/Automate_Valyria/AutomateValyria.py:162]
2019-02-13 15:34:57,881 DEBUG: Value get_logicCageOpenCount: [331L] [in C:/Chayan/Automate_Valyria/AutomateValyria.py:173]
2019-02-13 15:35:04,246 DEBUG: open_valyria_door_switch: 1 [in C:/Chayan/Automate_Valyria/AutomateValyria.py:270]
2019-02-13 15:35:04,246 DEBUG: Door open [in C:/Chayan/Automate_Valyria/AutomateValyria.py:96]
2019-02-13 15:35:04,246 DEBUG: SQL query:  SELECT * FROM Vertex.dbo.ControllerMeter where MeterName='LogicCageOpenState' [in C:/Chayan/Automate_Valyria/AutomateValyria.py:157]
2019-02-13 15:35:04,247 DEBUG: Result from query:  [(1, True, 1, u'LogicCageOpenState', 1L, u'Flag', datetime.datetime(2019, 1, 19, 6, 23, 39, 953000), datetime.datetime(2019, 1, 19, 7, 5, 35, 690000), 0, bytearray(b'\x00\x00\x00\x00\x00\x00\x08\xa3'))] [in C:/Chayan/Automate_Valyria/AutomateValyria.py:162]
2019-02-13 15:35:04,247 DEBUG: Value get_LogicCageOpen_status: [1L] [in C:/Chayan/Automate_Valyria/AutomateValyria.py:184]
2019-02-13 15:35:04,249 DEBUG: SQL query:  SELECT * FROM Vertex.dbo.ControllerMeter where MeterName='LogicCageOpenState' [in C:/Chayan/Automate_Valyria/AutomateValyria.py:157]
2019-02-13 15:35:04,253 DEBUG: Result from query:  [(1, True, 1, u'LogicCageOpenState', 1L, u'Flag', datetime.datetime(2019, 1, 19, 6, 23, 39, 953000), datetime.datetime(2019, 1, 19, 7, 5, 35, 690000), 0, bytearray(b'\x00\x00\x00\x00\x00\x00\x08\xa3'))] [in C:/Chayan/Automate_Valyria/AutomateValyria.py:162]
2019-02-13 15:35:04,253 DEBUG: Value get_LogicCageOpen_status: [1L] [in C:/Chayan/Automate_Valyria/AutomateValyria.py:184]
2019-02-13 15:35:04,253 DEBUG: Door status database: 1 [in C:/Chayan/Automate_Valyria/AutomateValyria.py:98]
2019-02-13 15:35:10,345 DEBUG: close_valyria_door_switch [in C:/Chayan/Automate_Valyria/AutomateValyria.py:265]
2019-02-13 15:35:10,345 DEBUG: Door Closed [in C:/Chayan/Automate_Valyria/AutomateValyria.py:100]
2019-02-13 15:35:16,559 DEBUG: open_valyria_door_switch: 2 [in C:/Chayan/Automate_Valyria/AutomateValyria.py:270]
2019-02-13 15:35:16,559 DEBUG: Door open [in C:/Chayan/Automate_Valyria/AutomateValyria.py:96]
2019-02-13 15:35:16,559 DEBUG: SQL query:  SELECT * FROM Vertex.dbo.ControllerMeter where MeterName='LogicCageOpenState' [in C:/Chayan/Automate_Valyria/AutomateValyria.py:157]
2019-02-13 15:35:16,561 DEBUG: Result from query:  [(1, True, 1, u'LogicCageOpenState', 1L, u'Flag', datetime.datetime(2019, 1, 19, 6, 23, 39, 953000), datetime.datetime(2019, 1, 19, 7, 5, 35, 690000), 0, bytearray(b'\x00\x00\x00\x00\x00\x00\x08\xa3'))] [in C:/Chayan/Automate_Valyria/AutomateValyria.py:162]
2019-02-13 15:35:16,562 DEBUG: Value get_LogicCageOpen_status: [1L] [in C:/Chayan/Automate_Valyria/AutomateValyria.py:184]
2019-02-13 15:35:16,562 DEBUG: SQL query:  SELECT * FROM Vertex.dbo.ControllerMeter where MeterName='LogicCageOpenState' [in C:/Chayan/Automate_Valyria/AutomateValyria.py:157]
2019-02-13 15:35:16,562 DEBUG: Result from query:  [(1, True, 1, u'LogicCageOpenState', 1L, u'Flag', datetime.datetime(2019, 1, 19, 6, 23, 39, 953000), datetime.datetime(2019, 1, 19, 7, 5, 35, 690000), 0, bytearray(b'\x00\x00\x00\x00\x00\x00\x08\xa3'))] [in C:/Chayan/Automate_Valyria/AutomateValyria.py:162]
2019-02-13 15:35:16,563 DEBUG: Value get_LogicCageOpen_status: [1L] [in C:/Chayan/Automate_Valyria/AutomateValyria.py:184]
2019-02-13 15:35:16,563 DEBUG: Door status database: 1 [in C:/Chayan/Automate_Valyria/AutomateValyria.py:98]
2019-02-13 15:35:22,720 DEBUG: close_valyria_door_switch [in C:/Chayan/Automate_Valyria/AutomateValyria.py:265]
2019-02-13 15:35:22,720 DEBUG: Door Closed [in C:/Chayan/Automate_Valyria/AutomateValyria.py:100]
2019-02-13 15:35:29,000 DEBUG: open_valyria_door_switch: 3 [in C:/Chayan/Automate_Valyria/AutomateValyria.py:270]
2019-02-13 15:35:29,000 DEBUG: Door open [in C:/Chayan/Automate_Valyria/AutomateValyria.py:96]
2019-02-13 15:35:29,000 DEBUG: SQL query:  SELECT * FROM Vertex.dbo.ControllerMeter where MeterName='LogicCageOpenState' [in C:/Chayan/Automate_Valyria/AutomateValyria.py:157]
2019-02-13 15:35:29,002 DEBUG: Result from query:  [(1, True, 1, u'LogicCageOpenState', 1L, u'Flag', datetime.datetime(2019, 1, 19, 6, 23, 39, 953000), datetime.datetime(2019, 1, 19, 7, 5, 35, 690000), 0, bytearray(b'\x00\x00\x00\x00\x00\x00\x08\xa3'))] [in C:/Chayan/Automate_Valyria/AutomateValyria.py:162]
2019-02-13 15:35:29,002 DEBUG: Value get_LogicCageOpen_status: [1L] [in C:/Chayan/Automate_Valyria/AutomateValyria.py:184]
2019-02-13 15:35:29,002 DEBUG: SQL query:  SELECT * FROM Vertex.dbo.ControllerMeter where MeterName='LogicCageOpenState' [in C:/Chayan/Automate_Valyria/AutomateValyria.py:157]
2019-02-13 15:35:29,003 DEBUG: Result from query:  [(1, True, 1, u'LogicCageOpenState', 1L, u'Flag', datetime.datetime(2019, 1, 19, 6, 23, 39, 953000), datetime.datetime(2019, 1, 19, 7, 5, 35, 690000), 0, bytearray(b'\x00\x00\x00\x00\x00\x00\x08\xa3'))] [in C:/Chayan/Automate_Valyria/AutomateValyria.py:162]
2019-02-13 15:35:29,003 DEBUG: Value get_LogicCageOpen_status: [1L] [in C:/Chayan/Automate_Valyria/AutomateValyria.py:184]
2019-02-13 15:35:29,003 DEBUG: Door status database: 1 [in C:/Chayan/Automate_Valyria/AutomateValyria.py:98]
2019-02-13 15:35:35,476 DEBUG: close_valyria_door_switch [in C:/Chayan/Automate_Valyria/AutomateValyria.py:265]
2019-02-13 15:35:35,476 DEBUG: Door Closed [in C:/Chayan/Automate_Valyria/AutomateValyria.py:100]
2019-02-13 15:35:42,061 DEBUG: open_valyria_door_switch: 4 [in C:/Chayan/Automate_Valyria/AutomateValyria.py:270]
2019-02-13 15:35:42,061 DEBUG: Door open [in C:/Chayan/Automate_Valyria/AutomateValyria.py:96]
2019-02-13 15:35:42,061 DEBUG: SQL query:  SELECT * FROM Vertex.dbo.ControllerMeter where MeterName='LogicCageOpenState' [in C:/Chayan/Automate_Valyria/AutomateValyria.py:157]
2019-02-13 15:35:42,062 DEBUG: Result from query:  [(1, True, 1, u'LogicCageOpenState', 1L, u'Flag', datetime.datetime(2019, 1, 19, 6, 23, 39, 953000), datetime.datetime(2019, 1, 19, 7, 5, 35, 690000), 0, bytearray(b'\x00\x00\x00\x00\x00\x00\x08\xa3'))] [in C:/Chayan/Automate_Valyria/AutomateValyria.py:162]
2019-02-13 15:35:42,062 DEBUG: Value get_LogicCageOpen_status: [1L] [in C:/Chayan/Automate_Valyria/AutomateValyria.py:184]
2019-02-13 15:35:42,062 DEBUG: SQL query:  SELECT * FROM Vertex.dbo.ControllerMeter where MeterName='LogicCageOpenState' [in C:/Chayan/Automate_Valyria/AutomateValyria.py:157]
2019-02-13 15:35:42,062 DEBUG: Result from query:  [(1, True, 1, u'LogicCageOpenState', 1L, u'Flag', datetime.datetime(2019, 1, 19, 6, 23, 39, 953000), datetime.datetime(2019, 1, 19, 7, 5, 35, 690000), 0, bytearray(b'\x00\x00\x00\x00\x00\x00\x08\xa3'))] [in C:/Chayan/Automate_Valyria/AutomateValyria.py:162]
2019-02-13 15:35:42,062 DEBUG: Value get_LogicCageOpen_status: [1L] [in C:/Chayan/Automate_Valyria/AutomateValyria.py:184]
2019-02-13 15:35:42,062 DEBUG: Door status database: 1 [in C:/Chayan/Automate_Valyria/AutomateValyria.py:98]
2019-02-13 15:35:48,390 DEBUG: close_valyria_door_switch [in C:/Chayan/Automate_Valyria/AutomateValyria.py:265]
2019-02-13 15:35:48,390 DEBUG: Door Closed [in C:/Chayan/Automate_Valyria/AutomateValyria.py:100]
2019-02-13 15:38:17,730 INFO: Test start: 2019-02-13 15:38:17.731000 [in AutomateValyria.py:299]
2019-02-13 15:38:17,730 INFO: Valyria already running [in AutomateValyria.py:244]
2019-02-13 15:38:17,730 DEBUG: Terminate valyria application from system command [in AutomateValyria.py:245]
2019-02-13 15:38:26,874 INFO: lfsvc is running [in AutomateValyria.py:70]
2019-02-13 15:38:26,980 INFO: Got db connection to Vertex : <pyodbc.Connection object at 0x000000000823E118> [in AutomateValyria.py:141]
2019-02-13 15:38:26,982 INFO: Connected to database [in AutomateValyria.py:308]
2019-02-13 15:38:26,982 DEBUG: SQL query:  SELECT * FROM Vertex.dbo.ControllerMeter where MeterName='LogicCageOpen' [in AutomateValyria.py:157]
2019-02-13 15:38:26,983 DEBUG: Result from query:  [(2, True, 1, u'LogicCageOpen', 331L, u'Count', datetime.datetime(2019, 1, 19, 6, 23, 40), datetime.datetime(2019, 1, 19, 7, 5, 35, 687000), 0, bytearray(b'\x00\x00\x00\x00\x00\x00\x08\xa2'))] [in AutomateValyria.py:162]
2019-02-13 15:38:26,984 DEBUG: Value get_logicCageOpenCount: [331L] [in AutomateValyria.py:173]
2019-02-13 15:38:33,065 DEBUG: open_valyria_door_switch: 1 [in AutomateValyria.py:270]
2019-02-13 15:38:33,065 DEBUG: Door open [in AutomateValyria.py:96]
2019-02-13 15:38:33,065 DEBUG: SQL query:  SELECT * FROM Vertex.dbo.ControllerMeter where MeterName='LogicCageOpenState' [in AutomateValyria.py:157]
2019-02-13 15:38:33,066 DEBUG: Result from query:  [(1, True, 1, u'LogicCageOpenState', 1L, u'Flag', datetime.datetime(2019, 1, 19, 6, 23, 39, 953000), datetime.datetime(2019, 1, 19, 7, 5, 35, 690000), 0, bytearray(b'\x00\x00\x00\x00\x00\x00\x08\xa3'))] [in AutomateValyria.py:162]
2019-02-13 15:38:33,066 DEBUG: Value get_LogicCageOpen_status: [1L] [in AutomateValyria.py:184]
2019-02-13 15:38:33,066 DEBUG: SQL query:  SELECT * FROM Vertex.dbo.ControllerMeter where MeterName='LogicCageOpenState' [in AutomateValyria.py:157]
2019-02-13 15:38:33,066 DEBUG: Result from query:  [(1, True, 1, u'LogicCageOpenState', 1L, u'Flag', datetime.datetime(2019, 1, 19, 6, 23, 39, 953000), datetime.datetime(2019, 1, 19, 7, 5, 35, 690000), 0, bytearray(b'\x00\x00\x00\x00\x00\x00\x08\xa3'))] [in AutomateValyria.py:162]
2019-02-13 15:38:33,066 DEBUG: Value get_LogicCageOpen_status: [1L] [in AutomateValyria.py:184]
2019-02-13 15:38:33,066 DEBUG: Door status database: 1 [in AutomateValyria.py:98]
2019-02-13 15:38:39,296 DEBUG: close_valyria_door_switch [in AutomateValyria.py:265]
2019-02-13 15:38:39,296 DEBUG: Door Closed [in AutomateValyria.py:100]
2019-02-13 15:38:45,448 DEBUG: open_valyria_door_switch: 2 [in AutomateValyria.py:270]
2019-02-13 15:38:45,448 DEBUG: Door open [in AutomateValyria.py:96]
2019-02-13 15:38:45,448 DEBUG: SQL query:  SELECT * FROM Vertex.dbo.ControllerMeter where MeterName='LogicCageOpenState' [in AutomateValyria.py:157]
2019-02-13 15:38:45,448 DEBUG: Result from query:  [(1, True, 1, u'LogicCageOpenState', 1L, u'Flag', datetime.datetime(2019, 1, 19, 6, 23, 39, 953000), datetime.datetime(2019, 1, 19, 7, 5, 35, 690000), 0, bytearray(b'\x00\x00\x00\x00\x00\x00\x08\xa3'))] [in AutomateValyria.py:162]
2019-02-13 15:38:45,450 DEBUG: Value get_LogicCageOpen_status: [1L] [in AutomateValyria.py:184]
2019-02-13 15:38:45,450 DEBUG: SQL query:  SELECT * FROM Vertex.dbo.ControllerMeter where MeterName='LogicCageOpenState' [in AutomateValyria.py:157]
2019-02-13 15:38:45,450 DEBUG: Result from query:  [(1, True, 1, u'LogicCageOpenState', 1L, u'Flag', datetime.datetime(2019, 1, 19, 6, 23, 39, 953000), datetime.datetime(2019, 1, 19, 7, 5, 35, 690000), 0, bytearray(b'\x00\x00\x00\x00\x00\x00\x08\xa3'))] [in AutomateValyria.py:162]
2019-02-13 15:38:45,450 DEBUG: Value get_LogicCageOpen_status: [1L] [in AutomateValyria.py:184]
2019-02-13 15:38:45,450 DEBUG: Door status database: 1 [in AutomateValyria.py:98]
2019-02-13 15:38:52,865 DEBUG: close_valyria_door_switch [in AutomateValyria.py:265]
2019-02-13 15:38:52,865 DEBUG: Door Closed [in AutomateValyria.py:100]
2019-02-13 15:38:59,013 DEBUG: open_valyria_door_switch: 3 [in AutomateValyria.py:270]
2019-02-13 15:38:59,013 DEBUG: Door open [in AutomateValyria.py:96]
2019-02-13 15:38:59,013 DEBUG: SQL query:  SELECT * FROM Vertex.dbo.ControllerMeter where MeterName='LogicCageOpenState' [in AutomateValyria.py:157]
2019-02-13 15:38:59,013 DEBUG: Result from query:  [(1, True, 1, u'LogicCageOpenState', 1L, u'Flag', datetime.datetime(2019, 1, 19, 6, 23, 39, 953000), datetime.datetime(2019, 1, 19, 7, 5, 35, 690000), 0, bytearray(b'\x00\x00\x00\x00\x00\x00\x08\xa3'))] [in AutomateValyria.py:162]
2019-02-13 15:38:59,013 DEBUG: Value get_LogicCageOpen_status: [1L] [in AutomateValyria.py:184]
2019-02-13 15:38:59,015 DEBUG: SQL query:  SELECT * FROM Vertex.dbo.ControllerMeter where MeterName='LogicCageOpenState' [in AutomateValyria.py:157]
2019-02-13 15:38:59,015 DEBUG: Result from query:  [(1, True, 1, u'LogicCageOpenState', 1L, u'Flag', datetime.datetime(2019, 1, 19, 6, 23, 39, 953000), datetime.datetime(2019, 1, 19, 7, 5, 35, 690000), 0, bytearray(b'\x00\x00\x00\x00\x00\x00\x08\xa3'))] [in AutomateValyria.py:162]
2019-02-13 15:38:59,015 DEBUG: Value get_LogicCageOpen_status: [1L] [in AutomateValyria.py:184]
2019-02-13 15:38:59,015 DEBUG: Door status database: 1 [in AutomateValyria.py:98]
2019-02-13 15:39:01,930 DEBUG: SQL query:  SELECT * FROM Vertex.dbo.ControllerMeter where MeterName='LogicCageOpen' [in AutomateValyria.py:157]
2019-02-13 15:39:01,934 DEBUG: Result from query:  [(2, True, 1, u'LogicCageOpen', 331L, u'Count', datetime.datetime(2019, 1, 19, 6, 23, 40), datetime.datetime(2019, 1, 19, 7, 5, 35, 687000), 0, bytearray(b'\x00\x00\x00\x00\x00\x00\x08\xa2'))] [in AutomateValyria.py:162]
2019-02-13 15:39:01,934 DEBUG: Value get_logicCageOpenCount: [331L] [in AutomateValyria.py:173]
2019-02-13 15:39:01,934 INFO: Door open count (Simulator) : 3 [in AutomateValyria.py:111]
2019-02-13 15:39:01,934 INFO: Door open value_start (database) :  331 [in AutomateValyria.py:112]
2019-02-13 15:39:01,936 INFO: Door open value_end (database) : 331 [in AutomateValyria.py:113]
2019-02-13 15:39:01,936 INFO: Door open count (database) : 0 [in AutomateValyria.py:115]
2019-02-13 15:39:01,960 DEBUG: ValyriaAutomate object destroyed [in AutomateValyria.py:205]
2019-02-13 15:39:02,019 INFO: Test End: 2019-02-13 15:39:02.019000 [in AutomateValyria.py:60]
2019-02-13 15:59:11,026 CRITICAL: ValyriaAutomate destroyed [in AutomateValyria.py:219]
2019-02-13 15:59:11,028 CRITICAL: Database destroyed [in AutomateValyria.py:61]
